<?xml version="1.0" encoding="UTF-8"?>
<!-- Generated by org.testng.reporters.JUnitReportReporter -->
<testsuite hostname="DEMON-PC" failures="0" tests="1" name="testCases.TC004_OrderingTest" time="7.459" errors="0" timestamp="2024-09-14T11:06:07 IST" skipped="0">
  <testcase classname="testCases.TC004_OrderingTest" name="ordering" time="7.459"/>
</testsuite> <!-- testCases.TC004_OrderingTest -->
