<?xml version="1.0" encoding="UTF-8"?>
<!-- Generated by org.testng.reporters.JUnitReportReporter -->
<testsuite hostname="DEMON-PC" failures="0" tests="1" name="testCases.TC004_OrderingTest" time="9.137" errors="0" timestamp="2024-09-08T14:37:01 IST" skipped="0">
  <testcase classname="testCases.TC004_OrderingTest" name="ordering" time="9.137"/>
</testsuite> <!-- testCases.TC004_OrderingTest -->
