<?xml version="1.0" encoding="UTF-8"?>
<!-- Generated by org.testng.reporters.JUnitReportReporter -->
<testsuite hostname="DEMON-PC" failures="0" tests="1" name="testCases.TC002_LoginTest" time="3.382" errors="0" timestamp="2024-09-10T12:17:27 IST" skipped="0">
  <testcase classname="testCases.TC002_LoginTest" name="verify_login" time="3.382"/>
</testsuite> <!-- testCases.TC002_LoginTest -->
