<?xml version="1.0" encoding="UTF-8"?>
<!-- Generated by org.testng.reporters.JUnitReportReporter -->
<testsuite hostname="DEMON-PC" failures="0" tests="1" name="testCases.TC001_AccountRegistrationTest" time="5.091" errors="0" timestamp="2024-09-10T12:17:27 IST" skipped="0">
  <testcase classname="testCases.TC001_AccountRegistrationTest" name="verify_account_registration" time="5.091"/>
</testsuite> <!-- testCases.TC001_AccountRegistrationTest -->
