<?xml version="1.0" encoding="UTF-8"?>
<!-- Generated by org.testng.reporters.JUnitReportReporter -->
<testsuite hostname="DEMON-PC" failures="0" tests="1" name="testCases.TC002_LoginTest" time="3.116" errors="0" timestamp="2024-08-24T00:38:22 IST" skipped="0">
  <testcase classname="testCases.TC002_LoginTest" name="verify_login" time="3.116"/>
</testsuite> <!-- testCases.TC002_LoginTest -->
