<?xml version="1.0" encoding="UTF-8"?>
<!-- Generated by org.testng.reporters.JUnitReportReporter -->
<testsuite hostname="DEMON-PC" failures="0" tests="2" name="testCases.TC001_AccountRegistrationTest" time="11.106" errors="0" timestamp="2024-08-22T22:19:19 IST" skipped="0">
  <testcase classname="testCases.TC001_AccountRegistrationTest" name="verify_account_registration" time="6.412"/>
  <testcase classname="testCases.TC001_AccountRegistrationTest" name="verify_account_registration" time="4.694"/>
</testsuite> <!-- testCases.TC001_AccountRegistrationTest -->
