<?xml version="1.0" encoding="UTF-8"?>
<!-- Generated by org.testng.reporters.JUnitReportReporter -->
<testsuite hostname="DEMON-PC" failures="0" tests="1" name="testCases.TC002_LoginTest" time="2.507" errors="0" timestamp="2024-08-21T17:20:56 IST" skipped="0">
  <testcase classname="testCases.TC002_LoginTest" name="verify_login" time="2.507"/>
</testsuite> <!-- testCases.TC002_LoginTest -->
