<?xml version="1.0" encoding="UTF-8"?>
<!-- Generated by org.testng.reporters.JUnitReportReporter -->
<testsuite hostname="DEMON-PC" failures="0" tests="1" name="testCases.TC001_AccountRegistrationTest" time="5.210" errors="0" timestamp="2024-08-20T20:18:22 IST" skipped="0">
  <testcase classname="testCases.TC001_AccountRegistrationTest" name="verify_account_registration" time="5.210"/>
</testsuite> <!-- testCases.TC001_AccountRegistrationTest -->
